<?xml version="1.0" encoding="UTF-8"?>
<testsuite name="ghost.SettingsTest" tests="3" skipped="0" failures="0" errors="0" timestamp="2023-04-05T01:24:33" hostname="DESKTOP-T4JEKMK" time="0.094">
  <properties/>
  <testcase name="constructSettings()" classname="ghost.SettingsTest" time="0.001"/>
  <testcase name="mapReaderTest()" classname="ghost.SettingsTest" time="0.039"/>
  <testcase name="readConfigTest()" classname="ghost.SettingsTest" time="0.048"/>
  <system-out><![CDATA[]]></system-out>
  <system-err><![CDATA[]]></system-err>
</testsuite>
