<?xml version="1.0" encoding="UTF-8"?>
<testsuite name="ghost.CellTest" tests="4" skipped="0" failures="0" errors="0" timestamp="2023-04-05T01:24:33" hostname="DESKTOP-T4JEKMK" time="0.037">
  <properties/>
  <testcase name="superfruitTest()" classname="ghost.CellTest" time="0.012"/>
  <testcase name="cellTest()" classname="ghost.CellTest" time="0.005"/>
  <testcase name="mapTest()" classname="ghost.CellTest" time="0.006"/>
  <testcase name="fruitTest()" classname="ghost.CellTest" time="0.005"/>
  <system-out><![CDATA[]]></system-out>
  <system-err><![CDATA[]]></system-err>
</testsuite>
