<?xml version="1.0" encoding="UTF-8"?>
<testsuite name="ghost.WakaTest" tests="2" skipped="0" failures="0" errors="0" timestamp="2023-04-05T01:24:33" hostname="DESKTOP-T4JEKMK" time="0.006">
  <properties/>
  <testcase name="constructWaka()" classname="ghost.WakaTest" time="0.004"/>
  <testcase name="getWaka()" classname="ghost.WakaTest" time="0.001"/>
  <system-out><![CDATA[]]></system-out>
  <system-err><![CDATA[]]></system-err>
</testsuite>
