<?xml version="1.0" encoding="UTF-8"?>
<testsuite name="ghost.AppTest" tests="2" skipped="0" failures="0" errors="0" timestamp="2023-04-05T01:24:32" hostname="DESKTOP-T4JEKMK" time="0.746">
  <properties/>
  <testcase name="constructApp()" classname="ghost.AppTest" time="0.054"/>
  <testcase name="drawAppTest()" classname="ghost.AppTest" time="0.686"/>
  <system-out><![CDATA[]]></system-out>
  <system-err><![CDATA[]]></system-err>
</testsuite>
